<?xml version="1.0" encoding="UTF-8"?>
<testsuite name="OpeTest" tests="1" skipped="0" failures="0" errors="0" timestamp="2021-06-03T18:43:09" hostname="DESKTOP-Q5JLVJD" time="3.426">
  <properties/>
  <testcase name="inicio" classname="OpeTest" time="3.426"/>
  <system-out><![CDATA[]]></system-out>
  <system-err><![CDATA[Starting ChromeDriver 90.0.4430.24 (4c6d850f087da467d926e8eddb76550aed655991-refs/branch-heads/4430@{#429}) on port 25746
Only local connections are allowed.
Please see https://chromedriver.chromium.org/security-considerations for suggestions on keeping ChromeDriver safe.
ChromeDriver was started successfully.
jun 03, 2021 1:43:09 PM org.openqa.selenium.remote.ProtocolHandshake createSession
INFORMACIÓN: Detected dialect: W3C
]]></system-err>
</testsuite>
