<?xml version="1.0" encoding="UTF-8"?>
<testsuite name="co.com.bancolombia.certificacion.advange.runners.RegistrarUsuario" tests="1" skipped="0" failures="1" errors="0" timestamp="2021-09-29T16:13:13" hostname="DESKTOP-Q5JLVJD" time="0.002">
  <properties/>
  <testcase name="initializationError" classname="co.com.bancolombia.certificacion.advange.runners.RegistrarUsuario" time="0.002">
    <failure message="cucumber.runtime.CucumberException: gherkin.ParserException$CompositeParserException: Parser errors:&#10;(5:3): expected: #TagLine, #FeatureLine, #Comment, #Empty, got 'Scenario: Creacion de cuenta exitosa'&#10;(6:5): expected: #TagLine, #FeatureLine, #Comment, #Empty, got 'Given El usuario se encuentra en la pagina'&#10;(7:5): expected: #TagLine, #FeatureLine, #Comment, #Empty, got 'When El usuario ingresa la informacion Brayan'&#10;(8:7): expected: #TagLine, #FeatureLine, #Comment, #Empty, got '| firstName | lastName | email         | month    | day | year | password    | confirmpassword |'&#10;(9:7): expected: #TagLine, #FeatureLine, #Comment, #Empty, got '| yhors     | brayan   | yhors@tcs.com | October  | 26  | 1997 | Medellin*13 | Medellin*13     |'&#10;(10:7): expected: #TagLine, #FeatureLine, #Comment, #Empty, got '| diana     | carolina | diana@tcs.com | December | 25  | 1996 | Redmi*      | Redmi*          |'&#10;(12:5): expected: #TagLine, #FeatureLine, #Comment, #Empty, got 'Then El usuario vera su nombre en el perfil'&#10;(15:3): expected: #TagLine, #FeatureLine, #Comment, #Empty, got 'Scenario: Creacion de cuenta fallida'&#10;(16:5): expected: #TagLine, #FeatureLine, #Comment, #Empty, got 'Given El usuario ya se encuentra en la pagina'&#10;(17:5): expected: #TagLine, #FeatureLine, #Comment, #Empty, got 'When El usuario ingresa sus credenciales'&#10;(18:7): expected: #TagLine, #FeatureLine, #Comment, #Empty, got '| firstName | lastName | email         | month    | day | year | password  | confirmpassword |'" type="cucumber.runtime.CucumberException">cucumber.runtime.CucumberException: gherkin.ParserException$CompositeParserException: Parser errors:
(5:3): expected: #TagLine, #FeatureLine, #Comment, #Empty, got 'Scenario: Creacion de cuenta exitosa'
(6:5): expected: #TagLine, #FeatureLine, #Comment, #Empty, got 'Given El usuario se encuentra en la pagina'
(7:5): expected: #TagLine, #FeatureLine, #Comment, #Empty, got 'When El usuario ingresa la informacion Brayan'
(8:7): expected: #TagLine, #FeatureLine, #Comment, #Empty, got '| firstName | lastName | email         | month    | day | year | password    | confirmpassword |'
(9:7): expected: #TagLine, #FeatureLine, #Comment, #Empty, got '| yhors     | brayan   | yhors@tcs.com | October  | 26  | 1997 | Medellin*13 | Medellin*13     |'
(10:7): expected: #TagLine, #FeatureLine, #Comment, #Empty, got '| diana     | carolina | diana@tcs.com | December | 25  | 1996 | Redmi*      | Redmi*          |'
(12:5): expected: #TagLine, #FeatureLine, #Comment, #Empty, got 'Then El usuario vera su nombre en el perfil'
(15:3): expected: #TagLine, #FeatureLine, #Comment, #Empty, got 'Scenario: Creacion de cuenta fallida'
(16:5): expected: #TagLine, #FeatureLine, #Comment, #Empty, got 'Given El usuario ya se encuentra en la pagina'
(17:5): expected: #TagLine, #FeatureLine, #Comment, #Empty, got 'When El usuario ingresa sus credenciales'
(18:7): expected: #TagLine, #FeatureLine, #Comment, #Empty, got '| firstName | lastName | email         | month    | day | year | password  | confirmpassword |'
	at cucumber.runtime.FeatureBuilder.parse(FeatureBuilder.java:60)
	at cucumber.runtime.model.CucumberFeature.loadFromFeaturePath(CucumberFeature.java:113)
	at cucumber.runtime.model.CucumberFeature.load(CucumberFeature.java:49)
	at cucumber.runtime.model.CucumberFeature.load(CucumberFeature.java:31)
	at cucumber.runtime.RuntimeOptions.cucumberFeatures(RuntimeOptions.java:311)
	at cucumber.api.junit.Cucumber.&lt;init&gt;(Cucumber.java:81)
	at net.serenitybdd.cucumber.CucumberWithSerenity.&lt;init&gt;(CucumberWithSerenity.java:54)
	at sun.reflect.NativeConstructorAccessorImpl.newInstance0(Native Method)
	at sun.reflect.NativeConstructorAccessorImpl.newInstance(NativeConstructorAccessorImpl.java:62)
	at sun.reflect.DelegatingConstructorAccessorImpl.newInstance(DelegatingConstructorAccessorImpl.java:45)
	at java.lang.reflect.Constructor.newInstance(Constructor.java:423)
	at org.junit.internal.builders.AnnotatedBuilder.buildRunner(AnnotatedBuilder.java:104)
	at org.junit.internal.builders.AnnotatedBuilder.runnerForClass(AnnotatedBuilder.java:86)
	at org.junit.runners.model.RunnerBuilder.safeRunnerForClass(RunnerBuilder.java:59)
	at org.junit.internal.builders.AllDefaultPossibilitiesBuilder.runnerForClass(AllDefaultPossibilitiesBuilder.java:26)
	at org.junit.runners.model.RunnerBuilder.safeRunnerForClass(RunnerBuilder.java:59)
	at org.junit.internal.requests.ClassRequest.getRunner(ClassRequest.java:33)
	at org.gradle.api.internal.tasks.testing.junit.JUnitTestClassExecutor.runTestClass(JUnitTestClassExecutor.java:78)
	at org.gradle.api.internal.tasks.testing.junit.JUnitTestClassExecutor.execute(JUnitTestClassExecutor.java:58)
	at org.gradle.api.internal.tasks.testing.junit.JUnitTestClassExecutor.execute(JUnitTestClassExecutor.java:38)
	at org.gradle.api.internal.tasks.testing.junit.AbstractJUnitTestClassProcessor.processTestClass(AbstractJUnitTestClassProcessor.java:62)
	at org.gradle.api.internal.tasks.testing.SuiteTestClassProcessor.processTestClass(SuiteTestClassProcessor.java:51)
	at sun.reflect.NativeMethodAccessorImpl.invoke0(Native Method)
	at sun.reflect.NativeMethodAccessorImpl.invoke(NativeMethodAccessorImpl.java:62)
	at sun.reflect.DelegatingMethodAccessorImpl.invoke(DelegatingMethodAccessorImpl.java:43)
	at java.lang.reflect.Method.invoke(Method.java:498)
	at org.gradle.internal.dispatch.ReflectionDispatch.dispatch(ReflectionDispatch.java:36)
	at org.gradle.internal.dispatch.ReflectionDispatch.dispatch(ReflectionDispatch.java:24)
	at org.gradle.internal.dispatch.ContextClassLoaderDispatch.dispatch(ContextClassLoaderDispatch.java:33)
	at org.gradle.internal.dispatch.ProxyDispatchAdapter$DispatchingInvocationHandler.invoke(ProxyDispatchAdapter.java:94)
	at com.sun.proxy.$Proxy2.processTestClass(Unknown Source)
	at org.gradle.api.internal.tasks.testing.worker.TestWorker.processTestClass(TestWorker.java:119)
	at sun.reflect.NativeMethodAccessorImpl.invoke0(Native Method)
	at sun.reflect.NativeMethodAccessorImpl.invoke(NativeMethodAccessorImpl.java:62)
	at sun.reflect.DelegatingMethodAccessorImpl.invoke(DelegatingMethodAccessorImpl.java:43)
	at java.lang.reflect.Method.invoke(Method.java:498)
	at org.gradle.internal.dispatch.ReflectionDispatch.dispatch(ReflectionDispatch.java:36)
	at org.gradle.internal.dispatch.ReflectionDispatch.dispatch(ReflectionDispatch.java:24)
	at org.gradle.internal.remote.internal.hub.MessageHubBackedObjectConnection$DispatchWrapper.dispatch(MessageHubBackedObjectConnection.java:182)
	at org.gradle.internal.remote.internal.hub.MessageHubBackedObjectConnection$DispatchWrapper.dispatch(MessageHubBackedObjectConnection.java:164)
	at org.gradle.internal.remote.internal.hub.MessageHub$Handler.run(MessageHub.java:414)
	at org.gradle.internal.concurrent.ExecutorPolicy$CatchAndRecordFailures.onExecute(ExecutorPolicy.java:64)
	at org.gradle.internal.concurrent.ManagedExecutorImpl$1.run(ManagedExecutorImpl.java:48)
	at java.util.concurrent.ThreadPoolExecutor.runWorker(ThreadPoolExecutor.java:1149)
	at java.util.concurrent.ThreadPoolExecutor$Worker.run(ThreadPoolExecutor.java:624)
	at org.gradle.internal.concurrent.ThreadFactoryImpl$ManagedThreadRunnable.run(ThreadFactoryImpl.java:56)
	at java.lang.Thread.run(Thread.java:748)
Caused by: gherkin.ParserException$CompositeParserException: Parser errors:
(5:3): expected: #TagLine, #FeatureLine, #Comment, #Empty, got 'Scenario: Creacion de cuenta exitosa'
(6:5): expected: #TagLine, #FeatureLine, #Comment, #Empty, got 'Given El usuario se encuentra en la pagina'
(7:5): expected: #TagLine, #FeatureLine, #Comment, #Empty, got 'When El usuario ingresa la informacion Brayan'
(8:7): expected: #TagLine, #FeatureLine, #Comment, #Empty, got '| firstName | lastName | email         | month    | day | year | password    | confirmpassword |'
(9:7): expected: #TagLine, #FeatureLine, #Comment, #Empty, got '| yhors     | brayan   | yhors@tcs.com | October  | 26  | 1997 | Medellin*13 | Medellin*13     |'
(10:7): expected: #TagLine, #FeatureLine, #Comment, #Empty, got '| diana     | carolina | diana@tcs.com | December | 25  | 1996 | Redmi*      | Redmi*          |'
(12:5): expected: #TagLine, #FeatureLine, #Comment, #Empty, got 'Then El usuario vera su nombre en el perfil'
(15:3): expected: #TagLine, #FeatureLine, #Comment, #Empty, got 'Scenario: Creacion de cuenta fallida'
(16:5): expected: #TagLine, #FeatureLine, #Comment, #Empty, got 'Given El usuario ya se encuentra en la pagina'
(17:5): expected: #TagLine, #FeatureLine, #Comment, #Empty, got 'When El usuario ingresa sus credenciales'
(18:7): expected: #TagLine, #FeatureLine, #Comment, #Empty, got '| firstName | lastName | email         | month    | day | year | password  | confirmpassword |'
	at gherkin.Parser.addError(Parser.java:152)
	at gherkin.Parser.matchTokenAt_2(Parser.java:569)
	at gherkin.Parser.matchToken(Parser.java:343)
	at gherkin.Parser.parse(Parser.java:137)
	at gherkin.Parser.parse(Parser.java:118)
	at gherkin.Parser.parse(Parser.java:114)
	at cucumber.runtime.FeatureBuilder.parse(FeatureBuilder.java:56)
	... 46 more
</failure>
  </testcase>
  <system-out><![CDATA[]]></system-out>
  <system-err><![CDATA[SLF4J: Failed to load class "org.slf4j.impl.StaticLoggerBinder".
SLF4J: Defaulting to no-operation (NOP) logger implementation
SLF4J: See http://www.slf4j.org/codes.html#StaticLoggerBinder for further details.
]]></system-err>
</testsuite>
